[debug] [2021-06-14T09:36:00.933Z] ----------------------------------------------------------------------
[debug] [2021-06-14T09:36:00.936Z] Command:       D:\Szoftverek\NodeJS\node.exe C:\Users\bazsi\AppData\Roaming\npm\node_modules\firebase-tools\lib\bin\firebase.js init
[debug] [2021-06-14T09:36:00.936Z] CLI Version:   9.12.1
[debug] [2021-06-14T09:36:00.936Z] Platform:      win32
[debug] [2021-06-14T09:36:00.936Z] Node Version:  v14.15.4
[debug] [2021-06-14T09:36:00.937Z] Time:          Mon Jun 14 2021 11:36:00 GMT+0200 (közép-európai nyári idő)
[debug] [2021-06-14T09:36:00.938Z] ----------------------------------------------------------------------
[debug] 
[debug] [2021-06-14T09:36:00.940Z] >>> [apiv2][query] GET https://firebase-public.firebaseio.com/cli.json [none]
[debug] [2021-06-14T09:36:00.967Z] > command requires scopes: ["email","openid","https://www.googleapis.com/auth/cloudplatformprojects.readonly","https://www.googleapis.com/auth/firebase","https://www.googleapis.com/auth/cloud-platform"]
[debug] [2021-06-14T09:36:00.967Z] > authorizing via signed-in user (fbalazs930@gmail.com)
[info] 
     ######## #### ########  ######## ########     ###     ######  ########
     ##        ##  ##     ## ##       ##     ##  ##   ##  ##       ##
     ######    ##  ########  ######   ########  #########  ######  ######
     ##        ##  ##    ##  ##       ##     ## ##     ##       ## ##
     ##       #### ##     ## ######## ########  ##     ##  ######  ########

You're about to initialize a Firebase project in this directory:

  D:\Websites\React\guitar-shop

[debug] [2021-06-14T09:36:01.457Z] <<< [apiv2][status] GET https://firebase-public.firebaseio.com/cli.json 200
[debug] [2021-06-14T09:36:01.457Z] <<< [apiv2][body] GET https://firebase-public.firebaseio.com/cli.json {"cloudBuildErrorAfter":1594252800000,"cloudBuildWarnAfter":1590019200000,"defaultNode10After":1594252800000,"minVersion":"3.0.5","node8DeploysDisabledAfter":1613390400000,"node8RuntimeDisabledAfter":1615809600000,"node8WarnAfter":1600128000000}
